2019-03-27 11:03:59.486  INFO 16336 --- [main] com.winter.DemoWebApplication            : Starting DemoWebApplication on DESKTOP-2RQJTRD with PID 16336 (D:\DISK\BootWork\demoWeb\bin\main started by adp in D:\DISK\BootWork\demoWeb)
2019-03-27 11:03:59.494  INFO 16336 --- [main] com.winter.DemoWebApplication            : No active profile set, falling back to default profiles: default
2019-03-27 11:03:59.706  INFO 16336 --- [main] ConfigServletWebServerApplicationContext : Refreshing org.springframework.boot.web.servlet.context.AnnotationConfigServletWebServerApplicationContext@1bab8268: startup date [Wed Mar 27 11:03:59 CST 2019]; root of context hierarchy
2019-03-27 11:04:04.160  INFO 16336 --- [main] o.s.b.w.embedded.tomcat.TomcatWebServer  : Tomcat initialized with port(s): 8080 (http)
2019-03-27 11:04:04.241  INFO 16336 --- [main] o.apache.catalina.core.StandardService   : Starting service [Tomcat]
2019-03-27 11:04:04.242  INFO 16336 --- [main] org.apache.catalina.core.StandardEngine  : Starting Servlet Engine: Apache Tomcat/8.5.31
2019-03-27 11:04:04.275  INFO 16336 --- [localhost-startStop-1] o.a.catalina.core.AprLifecycleListener   : The APR based Apache Tomcat Native library which allows optimal performance in production environments was not found on the java.library.path: [D:\Dev\jdk1.8.0_141\bin;C:\WINDOWS\Sun\Java\bin;C:\WINDOWS\system32;C:\WINDOWS;D:\Dev\jdk1.8.0_141\jre\bin;D:\app\adp\product\11.2.0\dbhome_1\bin;D:\qfy\database\product\11.2.0\dbhome_1\bin;C:\ProgramData\Oracle\Java\javapath;C:\Program Files (x86)\Common Files\NetSarang;C:\Program Files (x86)\Intel\iCLS Client\;C:\Program Files\Intel\iCLS Client\;C:\Windows\system32;C:\Windows;C:\Windows\System32\Wbem;C:\Windows\System32\WindowsPowerShell\v1.0\;C:\Program Files (x86)\Intel\Intel(R) Management Engine Components\DAL;C:\Program Files\Intel\Intel(R) Management Engine Components\DAL;C:\Program Files (x86)\Intel\Intel(R) Management Engine Components\IPT;C:\Program Files\Intel\Intel(R) Management Engine Components\IPT;C:\Program Files (x86)\NVIDIA Corporation\PhysX\Common;C:\Program Files\Condusiv Technologies\ExpressCache\;C:\Program Files (x86)\Common Files\lenovo\easyplussdk\bin;C:\WINDOWS\system32;C:\WINDOWS;C:\WINDOWS\System32\Wbem;C:\WINDOWS\System32\WindowsPowerShell\v1.0\;D:\Dev\nodejs\;D:\Dev\jdk1.8.0_141/bin;C:\Program Files (x86)\scala\bin;C:\Program Files (x86)\scala\bin;C:\Program Files (x86)\scala\jre\bin;C:\Python35;C:\Python35\Scripts;C:\WINDOWS\System32\OpenSSH\;C:\Program Files\Intel\WiFi\bin\;C:\Program Files\Common Files\Intel\WirelessCommon\;D:\Dev\nodejs\node_cache\node_modules\;C:\ProgramData\chocolatey\bin;C:\Users\adp\AppData\Local\.meteor;C:\Program Files (x86)\Microsoft VS Code\bin;C:\Program Files\kubectl;C:\Program Files\helm\windows-amd64;C:\Program Files\IBM\Cloud\bin;D:\Dev\apache-maven-3.3.9\bin;C:\Python35\Scripts\;C:\Python35\;C:\Program Files (x86)\Microsoft VS Code\bin;C:\Users\adp\AppData\Roaming\npm;C:\Users\adp\AppData\Local\Microsoft\WindowsApps;C:\Users\adp\AppData\Local\.meteor;;.]
2019-03-27 11:04:04.620  INFO 16336 --- [localhost-startStop-1] o.a.c.c.C.[.[localhost].[/demoWeb]       : Initializing Spring embedded WebApplicationContext
2019-03-27 11:04:04.622  INFO 16336 --- [localhost-startStop-1] o.s.web.context.ContextLoader            : Root WebApplicationContext: initialization completed in 4915 ms
2019-03-27 11:04:05.167  INFO 16336 --- [localhost-startStop-1] o.s.b.w.servlet.ServletRegistrationBean  : Servlet dispatcherServlet mapped to [/]
2019-03-27 11:04:05.169  INFO 16336 --- [localhost-startStop-1] o.s.b.w.servlet.ServletRegistrationBean  : Servlet com.winter.web.servlet.DruidStatViewServlet mapped to [/druid/*]
2019-03-27 11:04:05.178  INFO 16336 --- [localhost-startStop-1] o.s.b.w.servlet.FilterRegistrationBean   : Mapping filter: 'characterEncodingFilter' to: [/*]
2019-03-27 11:04:05.179  INFO 16336 --- [localhost-startStop-1] o.s.b.w.servlet.FilterRegistrationBean   : Mapping filter: 'hiddenHttpMethodFilter' to: [/*]
2019-03-27 11:04:05.180  INFO 16336 --- [localhost-startStop-1] o.s.b.w.servlet.FilterRegistrationBean   : Mapping filter: 'httpPutFormContentFilter' to: [/*]
2019-03-27 11:04:05.181  INFO 16336 --- [localhost-startStop-1] o.s.b.w.servlet.FilterRegistrationBean   : Mapping filter: 'requestContextFilter' to: [/*]
2019-03-27 11:04:05.185  INFO 16336 --- [localhost-startStop-1] o.s.b.w.servlet.FilterRegistrationBean   : Mapping filter: 'druidWebStatFilter' to urls: [/*]
2019-03-27 11:04:07.305  INFO 16336 --- [main] o.s.w.s.handler.SimpleUrlHandlerMapping  : Mapped URL path [/**/favicon.ico] onto handler of type [class org.springframework.web.servlet.resource.ResourceHttpRequestHandler]
2019-03-27 11:04:07.867  INFO 16336 --- [main] s.w.s.m.m.a.RequestMappingHandlerAdapter : Looking for @ControllerAdvice: org.springframework.boot.web.servlet.context.AnnotationConfigServletWebServerApplicationContext@1bab8268: startup date [Wed Mar 27 11:03:59 CST 2019]; root of context hierarchy
2019-03-27 11:04:08.046  INFO 16336 --- [main] s.w.s.m.m.a.RequestMappingHandlerMapping : Mapped "{[/database/addDatabaseSelective],methods=[POST]}" onto public java.util.Map<java.lang.String, java.lang.Object> com.winter.Controller.DcController.addOne(java.util.Map<java.lang.String, java.lang.Object>) throws java.lang.IllegalAccessException,java.lang.InstantiationException,java.lang.reflect.InvocationTargetException,java.beans.IntrospectionException
2019-03-27 11:04:08.049  INFO 16336 --- [main] s.w.s.m.m.a.RequestMappingHandlerMapping : Mapped "{[/database/deleteDbByIds],methods=[POST]}" onto public java.util.Map<java.lang.String, java.lang.Object> com.winter.Controller.DcController.deleteDbByIds(java.util.Map<java.lang.String, java.lang.Object>)
2019-03-27 11:04:08.051  INFO 16336 --- [main] s.w.s.m.m.a.RequestMappingHandlerMapping : Mapped "{[/database/getAll],produces=[application/json;charset=UTF-8]}" onto public void com.winter.Controller.DcController.getAllSql()
2019-03-27 11:04:08.052  INFO 16336 --- [main] s.w.s.m.m.a.RequestMappingHandlerMapping : Mapped "{[/database/getAllConnector],produces=[application/json;charset=UTF-8]}" onto public java.lang.Object com.winter.Controller.DcController.getAllConnector()
2019-03-27 11:04:08.052  INFO 16336 --- [main] s.w.s.m.m.a.RequestMappingHandlerMapping : Mapped "{[/database/add],produces=[application/json;charset=UTF-8]}" onto public int com.winter.Controller.DcController.addSqlTable(com.winter.model.ConnectorTable)
2019-03-27 11:04:08.053  INFO 16336 --- [main] s.w.s.m.m.a.RequestMappingHandlerMapping : Mapped "{[/database/getDcConnectorByPagefilter/{pageNum}/{pageSize}],methods=[GET || POST],produces=[application/json;charset=UTF-8]}" onto public com.winter.pagefilter.PageFilterBoot<com.winter.model.ConnectorTable> com.winter.Controller.DcController.getDcConnectorByPagefilter(int,int,java.util.Map<java.lang.String, java.lang.Object>)
2019-03-27 11:04:08.054  INFO 16336 --- [main] s.w.s.m.m.a.RequestMappingHandlerMapping : Mapped "{[/database/editDatabaseSelective],methods=[POST]}" onto public java.util.Map<java.lang.String, java.lang.Object> com.winter.Controller.DcController.editDatabaseSelective(java.util.Map<java.lang.String, java.lang.Object>) throws java.lang.IllegalAccessException,java.lang.InstantiationException,java.lang.reflect.InvocationTargetException,java.beans.IntrospectionException
2019-03-27 11:04:08.055  INFO 16336 --- [main] s.w.s.m.m.a.RequestMappingHandlerMapping : Mapped "{[/test/hello]}" onto public java.lang.String com.winter.Controller.HelloWorld.Hello()
2019-03-27 11:04:08.057  INFO 16336 --- [main] s.w.s.m.m.a.RequestMappingHandlerMapping : Mapped "{[/index/index]}" onto public org.springframework.web.servlet.ModelAndView com.winter.Controller.IndexController.index(org.springframework.web.servlet.ModelAndView)
2019-03-27 11:04:08.058  INFO 16336 --- [main] s.w.s.m.m.a.RequestMappingHandlerMapping : Mapped "{[/index/main]}" onto public java.lang.String com.winter.Controller.IndexController.index(org.springframework.ui.Model)
2019-03-27 11:04:08.058  INFO 16336 --- [main] s.w.s.m.m.a.RequestMappingHandlerMapping : Mapped "{[/index/greeting]}" onto public org.springframework.web.servlet.ModelAndView com.winter.Controller.IndexController.test(org.springframework.web.servlet.ModelAndView)
2019-03-27 11:04:08.059  INFO 16336 --- [main] s.w.s.m.m.a.RequestMappingHandlerMapping : Mapped "{[/layout/layout],methods=[GET]}" onto public org.springframework.web.servlet.ModelAndView com.winter.Controller.LayoutController.showZooList()
2019-03-27 11:04:08.071  INFO 16336 --- [main] s.w.s.m.m.a.RequestMappingHandlerMapping : Mapped "{[/sql/getAllSql],produces=[application/json;charset=UTF-8]}" onto public org.springframework.web.servlet.ModelAndView com.winter.Controller.SqlController.getAllSql()
2019-03-27 11:04:08.072  INFO 16336 --- [main] s.w.s.m.m.a.RequestMappingHandlerMapping : Mapped "{[/sql/add],produces=[application/json;charset=UTF-8]}" onto public int com.winter.Controller.SqlController.addUser(com.winter.model.SqlTable)
2019-03-27 11:04:08.073  INFO 16336 --- [main] s.w.s.m.m.a.RequestMappingHandlerMapping : Mapped "{[/sql/selectSqlTableBySortId],produces=[application/json;charset=UTF-8]}" onto public com.winter.pagefilter.PageFilterBoot<com.winter.model.SqlTable> com.winter.Controller.SqlController.selectSqlTableBySortId(java.util.Map<java.lang.String, java.lang.Object>)
2019-03-27 11:04:08.074  INFO 16336 --- [main] s.w.s.m.m.a.RequestMappingHandlerMapping : Mapped "{[/sql/getSqlByPagefilterAndImport/{pageNum}/{pageSize}/{importOrNot}],produces=[application/json;charset=UTF-8]}" onto public com.winter.pagefilter.PageFilterBoot<com.winter.model.SqlTable> com.winter.Controller.SqlController.getSqlByPagefilterAndImport(int,int,java.lang.String,java.util.Map<java.lang.String, java.lang.Object>)
2019-03-27 11:04:08.076  INFO 16336 --- [main] s.w.s.m.m.a.RequestMappingHandlerMapping : Mapped "{[/sql/executeSqlBysortId],methods=[POST]}" onto public java.util.Map<java.lang.String, java.lang.Object> com.winter.Controller.SqlController.executeSqlBysortId(java.util.Map<java.lang.String, java.lang.Object>)
2019-03-27 11:04:08.077  INFO 16336 --- [main] s.w.s.m.m.a.RequestMappingHandlerMapping : Mapped "{[/sql/executeSqlBySqlIdAndDBSourceId],methods=[POST]}" onto public java.util.Map<java.lang.String, java.lang.Object> com.winter.Controller.SqlController.executeSqlBySqlIdAndDBSourceId(java.util.Map<java.lang.String, java.lang.Object>)
2019-03-27 11:04:08.078  INFO 16336 --- [main] s.w.s.m.m.a.RequestMappingHandlerMapping : Mapped "{[/sql/getSqlByPagefilter/{pageNum}/{pageSize}],methods=[GET || POST],produces=[application/json;charset=UTF-8]}" onto public com.winter.pagefilter.PageFilterBoot<com.winter.model.SqlTable> com.winter.Controller.SqlController.getSqlByPagefilter(int,int,java.util.Map<java.lang.String, java.lang.Object>)
2019-03-27 11:04:08.079  INFO 16336 --- [main] s.w.s.m.m.a.RequestMappingHandlerMapping : Mapped "{[/sql/addSqlSelective],methods=[POST]}" onto public java.util.Map<java.lang.String, java.lang.Object> com.winter.Controller.SqlController.addDatabaseSelective(java.util.Map<java.lang.String, java.lang.Object>) throws java.lang.IllegalAccessException,java.lang.InstantiationException,java.lang.reflect.InvocationTargetException,java.beans.IntrospectionException
2019-03-27 11:04:08.081  INFO 16336 --- [main] s.w.s.m.m.a.RequestMappingHandlerMapping : Mapped "{[/sql/exportSql],methods=[POST]}" onto public java.util.Map<java.lang.String, java.lang.Object> com.winter.Controller.SqlController.exportSql(java.util.Map<java.lang.String, java.lang.Object>)
2019-03-27 11:04:08.082  INFO 16336 --- [main] s.w.s.m.m.a.RequestMappingHandlerMapping : Mapped "{[/sql/executeSql],methods=[POST]}" onto public java.util.Map<java.lang.String, java.lang.Object> com.winter.Controller.SqlController.executeSql(java.util.Map<java.lang.String, java.lang.Object>)
2019-03-27 11:04:08.083  INFO 16336 --- [main] s.w.s.m.m.a.RequestMappingHandlerMapping : Mapped "{[/sql/getPagefilter/{pageNum}/{pageSize}],produces=[application/json;charset=UTF-8]}" onto public org.springframework.web.servlet.ModelAndView com.winter.Controller.SqlController.getPagefilter(int,int)
2019-03-27 11:04:08.084  INFO 16336 --- [main] s.w.s.m.m.a.RequestMappingHandlerMapping : Mapped "{[/sql/all/{pageNum}/{pageSize}],produces=[application/json;charset=UTF-8]}" onto public java.lang.Object com.winter.Controller.SqlController.findAllUser(int,int)
2019-03-27 11:04:08.085  INFO 16336 --- [main] s.w.s.m.m.a.RequestMappingHandlerMapping : Mapped "{[/sql/editSqlSelective],methods=[POST]}" onto public java.util.Map<java.lang.String, java.lang.Object> com.winter.Controller.SqlController.editSqlSelective(java.util.Map<java.lang.String, java.lang.Object>) throws java.lang.IllegalAccessException,java.lang.InstantiationException,java.lang.reflect.InvocationTargetException,java.beans.IntrospectionException
2019-03-27 11:04:08.086  INFO 16336 --- [main] s.w.s.m.m.a.RequestMappingHandlerMapping : Mapped "{[/sql/deleteSqlByIds],methods=[POST]}" onto public java.util.Map<java.lang.String, java.lang.Object> com.winter.Controller.SqlController.deleteSqlByIds(java.util.Map<java.lang.String, java.lang.Object>)
2019-03-27 11:04:08.087  INFO 16336 --- [main] s.w.s.m.m.a.RequestMappingHandlerMapping : Mapped "{[/sql/list],methods=[POST],params=[save],produces=[application/json;charset=UTF-8]}" onto public org.springframework.web.servlet.ModelAndView com.winter.Controller.SqlController.doAdd(org.springframework.ui.Model,com.winter.model.SqlTable,org.springframework.validation.BindingResult)
2019-03-27 11:04:08.088  INFO 16336 --- [main] s.w.s.m.m.a.RequestMappingHandlerMapping : Mapped "{[/sql/list],methods=[POST],params=[add]}" onto public java.lang.String com.winter.Controller.SqlController.doAdd(org.springframework.ui.Model,com.winter.form.SqlForm,org.springframework.validation.BindingResult)
2019-03-27 11:04:08.090  INFO 16336 --- [main] s.w.s.m.m.a.RequestMappingHandlerMapping : Mapped "{[/data/testTable]}" onto public org.springframework.web.servlet.ModelAndView com.winter.Controller.testTable.index(org.springframework.web.servlet.ModelAndView)
2019-03-27 11:04:08.091  INFO 16336 --- [main] s.w.s.m.m.a.RequestMappingHandlerMapping : Mapped "{[/data/main]}" onto public java.lang.String com.winter.Controller.testTable.index(org.springframework.ui.Model)
2019-03-27 11:04:08.092  INFO 16336 --- [main] s.w.s.m.m.a.RequestMappingHandlerMapping : Mapped "{[/data/greeting]}" onto public org.springframework.web.servlet.ModelAndView com.winter.Controller.testTable.test(org.springframework.web.servlet.ModelAndView)
2019-03-27 11:04:08.092  INFO 16336 --- [main] s.w.s.m.m.a.RequestMappingHandlerMapping : Mapped "{[/data/list],methods=[GET]}" onto public org.springframework.web.servlet.ModelAndView com.winter.Controller.testTable.showZooList()
2019-03-27 11:04:08.093  INFO 16336 --- [main] s.w.s.m.m.a.RequestMappingHandlerMapping : Mapped "{[/data/list],methods=[POST],params=[save]}" onto public java.lang.String com.winter.Controller.testTable.doAdd(org.springframework.ui.Model,com.winter.form.AnimalForm,org.springframework.validation.BindingResult)
2019-03-27 11:04:08.095  INFO 16336 --- [main] s.w.s.m.m.a.RequestMappingHandlerMapping : Mapped "{[/user/add],produces=[application/json;charset=UTF-8]}" onto public int com.winter.Controller.UserController.addUser(com.winter.model.User)
2019-03-27 11:04:08.096  INFO 16336 --- [main] s.w.s.m.m.a.RequestMappingHandlerMapping : Mapped "{[/user/all/{pageNum}/{pageSize}],produces=[application/json;charset=UTF-8]}" onto public java.lang.Object com.winter.Controller.UserController.findAllUser(int,int)
2019-03-27 11:04:08.097  INFO 16336 --- [main] s.w.s.m.m.a.RequestMappingHandlerMapping : Mapped "{[/zoo/list],methods=[GET]}" onto public org.springframework.web.servlet.ModelAndView com.winter.Controller.ZooController.showZooList()
2019-03-27 11:04:08.100  INFO 16336 --- [main] s.w.s.m.m.a.RequestMappingHandlerMapping : Mapped "{[/zoo/list],methods=[POST],params=[save]}" onto public java.lang.String com.winter.Controller.ZooController.doAdd(org.springframework.ui.Model,com.winter.form.AnimalForm,org.springframework.validation.BindingResult)
2019-03-27 11:04:08.108  INFO 16336 --- [main] s.w.s.m.m.a.RequestMappingHandlerMapping : Mapped "{[/error]}" onto public org.springframework.http.ResponseEntity<java.util.Map<java.lang.String, java.lang.Object>> org.springframework.boot.autoconfigure.web.servlet.error.BasicErrorController.error(javax.servlet.http.HttpServletRequest)
2019-03-27 11:04:08.110  INFO 16336 --- [main] s.w.s.m.m.a.RequestMappingHandlerMapping : Mapped "{[/error],produces=[text/html]}" onto public org.springframework.web.servlet.ModelAndView org.springframework.boot.autoconfigure.web.servlet.error.BasicErrorController.errorHtml(javax.servlet.http.HttpServletRequest,javax.servlet.http.HttpServletResponse)
2019-03-27 11:04:08.270  INFO 16336 --- [main] o.s.w.s.handler.SimpleUrlHandlerMapping  : Mapped URL path [/webjars/**] onto handler of type [class org.springframework.web.servlet.resource.ResourceHttpRequestHandler]
2019-03-27 11:04:08.270  INFO 16336 --- [main] o.s.w.s.handler.SimpleUrlHandlerMapping  : Mapped URL path [/**] onto handler of type [class org.springframework.web.servlet.resource.ResourceHttpRequestHandler]
2019-03-27 11:04:08.467  WARN 16336 --- [main] org.thymeleaf.templatemode.TemplateMode  : [THYMELEAF][main] Template Mode 'HTML5' is deprecated. Using Template Mode 'HTML' instead.
2019-03-27 11:04:08.617  INFO 16336 --- [main] o.s.b.a.w.s.WelcomePageHandlerMapping    : Adding welcome page template: index
2019-03-27 11:04:09.154  INFO 16336 --- [main] o.s.j.e.a.AnnotationMBeanExporter        : Registering beans for JMX exposure on startup
2019-03-27 11:04:09.157  INFO 16336 --- [main] o.s.j.e.a.AnnotationMBeanExporter        : Bean with name 'dataSource' has been autodetected for JMX exposure
2019-03-27 11:04:09.168  INFO 16336 --- [main] o.s.j.e.a.AnnotationMBeanExporter        : Located MBean 'dataSource': registering with JMX server as MBean [com.alibaba.druid.pool:name=dataSource,type=DruidDataSource]
2019-03-27 11:04:09.307  INFO 16336 --- [main] o.s.b.w.embedded.tomcat.TomcatWebServer  : Tomcat started on port(s): 8080 (http) with context path '/demoWeb'
2019-03-27 11:04:09.315  INFO 16336 --- [main] com.winter.DemoWebApplication            : Started DemoWebApplication in 10.963 seconds (JVM running for 12.174)
2019-03-27 11:04:26.974  INFO 16336 --- [http-nio-8080-exec-1] o.a.c.c.C.[.[localhost].[/demoWeb]       : Initializing Spring FrameworkServlet 'dispatcherServlet'
2019-03-27 11:04:26.975  INFO 16336 --- [http-nio-8080-exec-1] o.s.web.servlet.DispatcherServlet        : FrameworkServlet 'dispatcherServlet': initialization started
2019-03-27 11:04:27.033  INFO 16336 --- [http-nio-8080-exec-1] o.s.web.servlet.DispatcherServlet        : FrameworkServlet 'dispatcherServlet': initialization completed in 57 ms
2019-03-27 11:04:27.769  INFO 16336 --- [http-nio-8080-exec-1] com.alibaba.druid.pool.DruidDataSource   : {dataSource-1} inited
